<?xml version="1.0" encoding="UTF-8"?>
<!-- Generated by org.testng.reporters.JUnitReportReporter -->
<testsuite hostname="TXCHD-LAP-265" failures="0" tests="1" name="session1.testPOST" time="2.381" errors="0" timestamp="2025-01-16T15:55:26 IST" skipped="0">
  <testcase classname="session1.testPOST" name="createUser" time="2.381"/>
</testsuite> <!-- session1.testPOST -->
