<?xml version="1.0" encoding="UTF-8"?>
<!-- Generated by org.testng.reporters.JUnitReportReporter -->
<testsuite hostname="TXCHD-LAP-265" failures="0" tests="1" name="session2.checkForValidResponse" time="1.721" errors="0" timestamp="2025-01-16T19:54:47 IST" skipped="0">
  <testcase classname="session2.checkForValidResponse" name="getSingleUSerBDD_style" time="1.721"/>
</testsuite> <!-- session2.checkForValidResponse -->
