<?xml version="1.0" encoding="UTF-8"?>
<!-- Generated by org.testng.reporters.JUnitReportReporter -->
<testsuite hostname="TXCHD-LAP-265" failures="0" tests="2" name="session1.RestAssuredWithoutStaticImport" time="1.282" errors="0" timestamp="2025-01-16T13:48:22 IST" skipped="0">
  <testcase classname="session1.RestAssuredWithoutStaticImport" name="test01" time="1.211"/>
  <testcase classname="session1.RestAssuredWithoutStaticImport" name="testBDD" time="0.071"/>
</testsuite> <!-- session1.RestAssuredWithoutStaticImport -->
