<?xml version="1.0" encoding="UTF-8"?>
<!-- Generated by org.testng.reporters.JUnitReportReporter -->
<testsuite hostname="TXCHD-LAP-265" failures="0" tests="1" name="session1.Test_GetMethod" time="1.421" errors="0" timestamp="2025-01-16T11:47:00 IST" skipped="0">
  <testcase classname="session1.Test_GetMethod" name="test01" time="1.421"/>
</testsuite> <!-- session1.Test_GetMethod -->
