<?xml version="1.0" encoding="UTF-8"?>
<!-- Generated by org.testng.reporters.JUnitReportReporter -->
<testsuite hostname="TXCHD-LAP-265" failures="0" tests="2" name="session1.TestMethods" time="1.903" errors="0" timestamp="2025-01-16T14:53:02 IST" skipped="0">
  <testcase classname="session1.TestMethods" name="testBDD" time="0.079"/>
  <testcase classname="session1.TestMethods" name="postUser" time="1.824"/>
</testsuite> <!-- session1.TestMethods -->
