<?xml version="1.0" encoding="UTF-8"?>
<!-- Generated by org.testng.reporters.JUnitReportReporter -->
<testsuite hostname="TXCHD-LAP-265" failures="0" tests="1" name="session1.testPATCH" time="1.680" errors="0" timestamp="2025-01-16T15:00:43 IST" skipped="0">
  <testcase classname="session1.testPATCH" name="updateUser" time="1.680"/>
</testsuite> <!-- session1.testPATCH -->
