<?xml version="1.0" encoding="UTF-8"?>
<!-- Generated by org.testng.reporters.JUnitReportReporter -->
<testsuite hostname="TXCHD-LAP-265" failures="0" tests="1" name="session1.testPUT" time="1.772" errors="0" timestamp="2025-01-16T14:58:34 IST" skipped="0">
  <testcase classname="session1.testPUT" name="updateUser" time="1.772"/>
</testsuite> <!-- session1.testPUT -->
