<?xml version="1.0" encoding="UTF-8"?>
<!-- Generated by org.testng.reporters.JUnitReportReporter -->
<testsuite hostname="TXCHD-LAP-265" failures="0" tests="2" name="session1.Test_GetMethod" time="1.295" errors="0" timestamp="2025-01-16T13:48:40 IST" skipped="0">
  <testcase classname="session1.Test_GetMethod" name="testBDD" time="0.083"/>
  <testcase classname="session1.Test_GetMethod" name="test01" time="1.212"/>
</testsuite> <!-- session1.Test_GetMethod -->
