<?xml version="1.0" encoding="UTF-8"?>
<!-- Generated by org.testng.reporters.JUnitReportReporter -->
<testsuite hostname="TXCHD-LAP-265" failures="0" tests="1" name="session1.testDELETE" time="1.581" errors="0" timestamp="2025-01-16T15:03:53 IST" skipped="0">
  <testcase classname="session1.testDELETE" name="updateUser" time="1.581"/>
</testsuite> <!-- session1.testDELETE -->
